<?xml version="1.0" encoding="UTF-8"?>
<!-- Generated by org.testng.reporters.JUnitReportReporter -->
<testsuite hostname="Vamsi-PC" name="testcase.FlipkartHomePageTest" tests="1" failures="0" timestamp="25 Jan 2020 15:23:11 GMT" time="23.115" errors="0">
  <testcase name="flipkartHomePageTest" time="23.115" classname="testcase.FlipkartHomePageTest"/>
</testsuite> <!-- testcase.FlipkartHomePageTest -->
